# JRE version: Java(TM) SE Runtime Environment (8.0_51-b16) (build 1.8.0_51-b16)
# Java VM: Java HotSpot(TM) 64-Bit Server VM (25.51-b03 mixed mode windows-amd64 compressed oops)
Heap:
 PSYoungGen      total 1890304K, used 965556K [0x0000000615580000, 0x00000006a1780000, 0x00000007c0000000)
  eden space 1626624K, 53% used [0x0000000615580000,0x000000064acb1be8,0x0000000678a00000)
  from space 263680K, 34% used [0x0000000678a00000,0x000000067e1bb6a8,0x0000000688b80000)
  to   space 249344K, 0% used [0x0000000692400000,0x0000000692400000,0x00000006a1780000)
 ParOldGen       total 766976K, used 440185K [0x00000002c0000000, 0x00000002eed00000, 0x0000000615580000)
  object space 766976K, 57% used [0x00000002c0000000,0x00000002dadde530,0x00000002eed00000)
 Metaspace       used 97275K, capacity 99045K, committed 99624K, reserved 1134592K
  class space    used 14341K, capacity 15022K, committed 15144K, reserved 1048576K
GC Heap History (10 events):
Event: 22.395 GC heap before
{Heap before GC invocations=27 (full 4):
 PSYoungGen      total 1483264K, used 186699K [0x0000000615580000, 0x000000068b380000, 0x00000007c0000000)
  eden space 1270784K, 0% used [0x0000000615580000,0x0000000615580000,0x0000000662e80000)
  from space 212480K, 87% used [0x0000000662e80000,0x000000066e4d2e58,0x000000066fe00000)
  to   space 238080K, 0% used [0x000000067cb00000,0x000000067cb00000,0x000000068b380000)
 ParOldGen       total 585216K, used 354450K [0x00000002c0000000, 0x00000002e3b80000, 0x0000000615580000)
  object space 585216K, 60% used [0x00000002c0000000,0x00000002d5a248a8,0x00000002e3b80000)
 Metaspace       used 75957K, capacity 77033K, committed 77480K, reserved 1116160K
  class space    used 10331K, capacity 10651K, committed 10664K, reserved 1048576K
Event: 22.698 GC heap after
Heap after GC invocations=27 (full 4):
 PSYoungGen      total 1483264K, used 0K [0x0000000615580000, 0x000000068b380000, 0x00000007c0000000)
  eden space 1270784K, 0% used [0x0000000615580000,0x0000000615580000,0x0000000662e80000)
  from space 212480K, 0% used [0x0000000662e80000,0x0000000662e80000,0x000000066fe00000)
  to   space 238080K, 0% used [0x000000067cb00000,0x000000067cb00000,0x000000068b380000)
 ParOldGen       total 766976K, used 418937K [0x00000002c0000000, 0x00000002eed00000, 0x0000000615580000)
  object space 766976K, 54% used [0x00000002c0000000,0x00000002d991e530,0x00000002eed00000)
 Metaspace       used 75957K, capacity 77033K, committed 77480K, reserved 1116160K
  class space    used 10331K, capacity 10651K, committed 10664K, reserved 1048576K
}
Event: 23.898 GC heap before
{Heap before GC invocations=28 (full 4):
 PSYoungGen      total 1483264K, used 1270784K [0x0000000615580000, 0x000000068b380000, 0x00000007c0000000)
  eden space 1270784K, 100% used [0x0000000615580000,0x0000000662e80000,0x0000000662e80000)
  from space 212480K, 0% used [0x0000000662e80000,0x0000000662e80000,0x000000066fe00000)
  to   space 238080K, 0% used [0x000000067cb00000,0x000000067cb00000,0x000000068b380000)
 ParOldGen       total 766976K, used 418937K [0x00000002c0000000, 0x00000002eed00000, 0x0000000615580000)
  object space 766976K, 54% used [0x00000002c0000000,0x00000002d991e530,0x00000002eed00000)
 Metaspace       used 78099K, capacity 79217K, committed 79784K, reserved 1118208K
  class space    used 10807K, capacity 11143K, committed 11176K, reserved 1048576K
Event: 23.924 GC heap after
Heap after GC invocations=28 (full 4):
 PSYoungGen      total 1667584K, used 80897K [0x0000000615580000, 0x0000000689b00000, 0x00000007c0000000)
  eden space 1454592K, 0% used [0x0000000615580000,0x0000000615580000,0x000000066e200000)
  from space 212992K, 37% used [0x000000067cb00000,0x0000000681a007c0,0x0000000689b00000)
  to   space 225792K, 0% used [0x000000066e200000,0x000000066e200000,0x000000067be80000)
 ParOldGen       total 766976K, used 418945K [0x00000002c0000000, 0x00000002eed00000, 0x0000000615580000)
  object space 766976K, 54% used [0x00000002c0000000,0x00000002d9920530,0x00000002eed00000)
 Metaspace       used 78099K, capacity 79217K, committed 79784K, reserved 1118208K
  class space    used 10807K, capacity 11143K, committed 11176K, reserved 1048576K
}
Event: 24.867 GC heap before
{Heap before GC invocations=29 (full 4):
 PSYoungGen      total 1667584K, used 1535489K [0x0000000615580000, 0x0000000689b00000, 0x00000007c0000000)
  eden space 1454592K, 100% used [0x0000000615580000,0x000000066e200000,0x000000066e200000)
  from space 212992K, 37% used [0x000000067cb00000,0x0000000681a007c0,0x0000000689b00000)
  to   space 225792K, 0% used [0x000000066e200000,0x000000066e200000,0x000000067be80000)
 ParOldGen       total 766976K, used 418945K [0x00000002c0000000, 0x00000002eed00000, 0x0000000615580000)
  object space 766976K, 54% used [0x00000002c0000000,0x00000002d9920530,0x00000002eed00000)
 Metaspace       used 78105K, capacity 79217K, committed 79784K, reserved 1118208K
  class space    used 10807K, capacity 11143K, committed 11176K, reserved 1048576K
Event: 24.934 GC heap after
Heap after GC invocations=29 (full 4):
 PSYoungGen      total 1680384K, used 225791K [0x0000000615580000, 0x000000069a880000, 0x00000007c0000000)
  eden space 1454592K, 0% used [0x0000000615580000,0x0000000615580000,0x000000066e200000)
  from space 225792K, 99% used [0x000000066e200000,0x000000067be7fe78,0x000000067be80000)
  to   space 269824K, 0% used [0x000000068a100000,0x000000068a100000,0x000000069a880000)
 ParOldGen       total 766976K, used 440169K [0x00000002c0000000, 0x00000002eed00000, 0x0000000615580000)
  object space 766976K, 57% used [0x00000002c0000000,0x00000002dadda530,0x00000002eed00000)
 Metaspace       used 78105K, capacity 79217K, committed 79784K, reserved 1118208K
  class space    used 10807K, capacity 11143K, committed 11176K, reserved 1048576K
}
Event: 26.058 GC heap before
{Heap before GC invocations=30 (full 4):
 PSYoungGen      total 1680384K, used 1680383K [0x0000000615580000, 0x000000069a880000, 0x00000007c0000000)
  eden space 1454592K, 100% used [0x0000000615580000,0x000000066e200000,0x000000066e200000)
  from space 225792K, 99% used [0x000000066e200000,0x000000067be7fe78,0x000000067be80000)
  to   space 269824K, 0% used [0x000000068a100000,0x000000068a100000,0x000000069a880000)
 ParOldGen       total 766976K, used 440169K [0x00000002c0000000, 0x00000002eed00000, 0x0000000615580000)
  object space 766976K, 57% used [0x00000002c0000000,0x00000002dadda530,0x00000002eed00000)
 Metaspace       used 79028K, capacity 80227K, committed 80808K, reserved 1118208K
  class space    used 11027K, capacity 11370K, committed 11432K, reserved 1048576K
Event: 26.078 GC heap after
Heap after GC invocations=30 (full 4):
 PSYoungGen      total 1868288K, used 48261K [0x0000000615580000, 0x0000000698d00000, 0x00000007c0000000)
  eden space 1626624K, 0% used [0x0000000615580000,0x0000000615580000,0x0000000678a00000)
  from space 241664K, 19% used [0x000000068a100000,0x000000068d0216e0,0x0000000698d00000)
  to   space 263680K, 0% used [0x0000000678a00000,0x0000000678a00000,0x0000000688b80000)
 ParOldGen       total 766976K, used 440177K [0x00000002c0000000, 0x00000002eed00000, 0x0000000615580000)
  object space 766976K, 57% used [0x00000002c0000000,0x00000002daddc530,0x00000002eed00000)
 Metaspace       used 79028K, capacity 80227K, committed 80808K, reserved 1118208K
  class space    used 11027K, capacity 11370K, committed 11432K, reserved 1048576K
}
Event: 28.568 GC heap before
{Heap before GC invocations=31 (full 4):
 PSYoungGen      total 1868288K, used 1674885K [0x0000000615580000, 0x0000000698d00000, 0x00000007c0000000)
  eden space 1626624K, 100% used [0x0000000615580000,0x0000000678a00000,0x0000000678a00000)
  from space 241664K, 19% used [0x000000068a100000,0x000000068d0216e0,0x0000000698d00000)
  to   space 263680K, 0% used [0x0000000678a00000,0x0000000678a00000,0x0000000688b80000)
 ParOldGen       total 766976K, used 440177K [0x00000002c0000000, 0x00000002eed00000, 0x0000000615580000)
  object space 766976K, 57% used [0x00000002c0000000,0x00000002daddc530,0x00000002eed00000)
 Metaspace       used 91614K, capacity 93387K, committed 93864K, reserved 1128448K
  class space    used 13238K, capacity 13929K, committed 13992K, reserved 1048576K
Event: 28.592 GC heap after
Heap after GC invocations=31 (full 4):
 PSYoungGen      total 1890304K, used 89837K [0x0000000615580000, 0x00000006a1780000, 0x00000007c0000000)
  eden space 1626624K, 0% used [0x0000000615580000,0x0000000615580000,0x0000000678a00000)
  from space 263680K, 34% used [0x0000000678a00000,0x000000067e1bb6a8,0x0000000688b80000)
  to   space 249344K, 0% used [0x0000000692400000,0x0000000692400000,0x00000006a1780000)
 ParOldGen       total 766976K, used 440185K [0x00000002c0000000, 0x00000002eed00000, 0x0000000615580000)
  object space 766976K, 57% used [0x00000002c0000000,0x00000002dadde530,0x00000002eed00000)
 Metaspace       used 91614K, capacity 93387K, committed 93864K, reserved 1128448K
  class space    used 13238K, capacity 13929K, committed 13992K, reserved 1048576K
}

